<?xml version="1.0" encoding="UTF-8"?>
<!-- Generated by org.testng.reporters.JUnitReportReporter -->
<testsuite skipped="0" hostname="DESKTOP-CSMSGNF" name="test_cases.Reading_products" tests="1" failures="0" timestamp="04 Nov 2022 11:31:09 GMT" time="1.871" errors="0">
  <testcase name="readProducts" time="1.871" classname="test_cases.Reading_products"/>
</testsuite> <!-- test_cases.Reading_products -->
