<?xml version="1.0" encoding="UTF-8"?>
<!-- Generated by org.testng.reporters.JUnitReportReporter -->
<testsuite skipped="0" hostname="DESKTOP-CSMSGNF" name="test_cases.Create_products" tests="1" failures="0" timestamp="04 Nov 2022 11:28:06 GMT" time="1.781" errors="0">
  <testcase name="Create_a_Products" time="1.781" classname="test_cases.Create_products"/>
</testsuite> <!-- test_cases.Create_products -->
