<?xml version="1.0" encoding="UTF-8"?>
<!-- Generated by org.testng.reporters.JUnitReportReporter -->
<testsuite skipped="0" hostname="DESKTOP-CSMSGNF" name="test_cases.Reading_all_products" tests="1" failures="0" timestamp="04 Nov 2022 11:27:32 GMT" time="1.572" errors="0">
  <testcase name="readAllProducts" time="1.572" classname="test_cases.Reading_all_products"/>
</testsuite> <!-- test_cases.Reading_all_products -->
