<?xml version="1.0" encoding="UTF-8"?>
<!-- Generated by org.testng.reporters.JUnitReportReporter -->
<testsuite skipped="0" hostname="DESKTOP-CSMSGNF" name="test_cases.Delete_products" tests="2" failures="0" timestamp="04 Nov 2022 11:27:24 GMT" time="2.091" errors="0">
  <testcase name="delete_a_Products" time="0.271" classname="test_cases.Delete_products"/>
  <testcase name="delete__Products" time="1.820" classname="test_cases.Delete_products"/>
</testsuite> <!-- test_cases.Delete_products -->
