<?xml version="1.0" encoding="UTF-8"?>
<!-- Generated by org.testng.reporters.JUnitReportReporter -->
<testsuite skipped="0" hostname="DESKTOP-CSMSGNF" name="test_cases.Updating_products" tests="1" failures="0" timestamp="04 Nov 2022 11:29:14 GMT" time="1.906" errors="0">
  <testcase name="Update_a_Products" time="1.906" classname="test_cases.Updating_products"/>
</testsuite> <!-- test_cases.Updating_products -->
